************ Start Display Current Environment ************
WebSphere Platform 8.5.5.23 [ND 8.5.5.23 cf232303.01] running with process name DESKTOP-BBBKTCUNode01Cell\DESKTOP-BBBKTCUNode01\server1 and process id 15724
Full server name is DESKTOP-BBBKTCUNode01Cell\DESKTOP-BBBKTCUNode01\server1-15724
Host Operating System is Windows 11, version 10.0
Java version = 1.8.0_351, Java Runtime Version = 8.0.7.20 - pwa6480sr7fp20-20221020_01(SR7 FP20), Java Compiler = j9jit29, Java VM name = IBM J9 VM
was.install.root = C:\WAS855ND
user.install.root = C:\WAS855ND\profiles\AppSrv01
Java Home = C:\WAS855ND\java\jre
ws.ext.dirs = C:\WAS855ND/java/lib;C:\WAS855ND\profiles\AppSrv01/classes;C:\WAS855ND/classes;C:\WAS855ND/lib;C:\WAS855ND/installedChannels;C:\WAS855ND/lib/ext;C:\WAS855ND/web/help;C:\WAS855ND/deploytool/itp/plugins/com.ibm.etools.ejbdeploy/runtime
Classpath = C:\WAS855ND\profiles\AppSrv01/properties;C:\WAS855ND/properties;C:\WAS855ND/lib/startup.jar;C:\WAS855ND/lib/bootstrap.jar;C:\WAS855ND/lib/lmproxy.jar;C:\WAS855ND/lib/urlprotocols.jar;C:\WAS855ND/deploytool/itp/batchboot.jar;C:\WAS855ND/deploytool/itp/batch2.jar;C:\WAS855ND/java/lib/tools.jar
Java Library path = C:\WAS855ND/lib/native/win/x86_64/;C:\WAS855ND\java\jre\bin\compressedrefs;C:\WAS855ND\java\jre\bin;C:\WINDOWS\system32;C:\WINDOWS;C:\WAS855ND\lib\native\win\x86_64;C:\WAS855ND\bin;C:\WAS855ND\java\bin;C:\WAS855ND\java\jre\bin;C:\ProgramData\Oracle\Java\javapath;C:\windows\system32;C:\windows;C:\windows\System32\Wbem;C:\windows\System32\WindowsPowerShell\v1.0\;C:\windows\System32\OpenSSH\;C:\Program Files\Git LFS;C:\Program Files\NVIDIA Corporation\NVIDIA NvDLISR;C:\WINDOWS\system32;C:\WINDOWS;C:\WINDOWS\System32\Wbem;C:\WINDOWS\System32\WindowsPowerShell\v1.0\;C:\WINDOWS\System32\OpenSSH\;C:\Program Files (x86)\IBM\Personal Communications\;C:\Program Files (x86)\IBM\Trace Facility\;C:\Program Files\Microsoft VS Code\bin;C:\Users\HirokoTakamiya\AppData\Local\Microsoft\WindowsApps;C:\MyJDKs\IBMSDKs\ibm-java-sdk-80-win-x86_64\sdk\bin;C:\bin;C:\MyTools\emacs\emacs-22.3\bin;C:\MyTools\apache-ant-1.8.4\bin;C:\Program Files\JetBrains\IntelliJ IDEA Community Edition 2019.2.1\bin;C:\Users\HirokoTakamiya\AppData\Local\Microsoft\WindowsApps;C:\Program Files\RedHat\Podman;C:\Users\HirokoTakamiya\AppData\Local\Box\Box Edit\;.;
Orb Version = IBM Java ORB build orb80-20220902.00
Max file descriptor count = --
************* End Display Current Environment *************
[4/14/23 17:50:15:701 EDT] 00000001 ManagerAdmin  I   TRAS0017I: The startup trace state is *=info:com.ibm.ws.security.*=all:com.ibm.websphere.security.*=all:SSL=all:SASRas=all:ORBRas=all.
[4/14/23 17:50:15:701 EDT] 00000001 ManagerAdmin  I   TRAS0111I: The message IDs that are in use are deprecated
[4/14/23 17:50:15:751 EDT] 00000001 ModelMgr      I   WSVR0800I: Initializing core configuration models
[4/14/23 17:50:15:921 EDT] 00000001 ComponentMeta I   WSVR0179I: The runtime provisioning feature is disabled. All components will be started.
[4/14/23 17:50:15:968 EDT] 00000001 ProviderTrack I com.ibm.ffdc.osgi.ProviderTracker AddingService FFDC1007I: FFDC Provider Installed: com.ibm.ws.ffdc.impl.FfdcProvider@47c528d9
[4/14/23 17:50:16:000 EDT] 00000001 AdminInitiali A   ADMN0015I: The administration service is initialized.
[4/14/23 17:50:16:342 EDT] 00000001 PluginConfigS I   PLGC0057I: The plug-in configuration service started successfully.
[4/14/23 17:50:16:405 EDT] 00000001 XD            I   DCUT0002I: Loaded 64 bit native library: NTNodeDetector64
[4/14/23 17:50:16:453 EDT] 00000001 SSLComponentI I   CWPKI0001I: SSL service is initializing the configuration
[4/14/23 17:50:16:453 EDT] 00000001 SSLConfigMana I   CWPKI0055I: The SSL configuration is initializing.
[4/14/23 17:50:16:453 EDT] 00000001 FIPSManager   I   CWPKI0044I: FIPS security mode is : No FIPS property found. 
[4/14/23 17:50:16:453 EDT] 00000001 SSLConfigMana I   CWPKI0051I: The process has the java security property jdk.certpath.disabledAlgorithms set to [MD2, MD5, SHA1 jdkCA & usage TLSServer, RSA keySize < 1024, DSA keySize < 1024, EC keySize < 224, include jdk.disabled.namedCurves].  The WebSphere Application server is setting the java security property jdk.certpath.disabledAlgorithms to [MD2, MD5, SHA1 jdkCA & usage TLSServer, RSA keySize < 1024, DSA keySize < 1024, EC keySize < 224]. 
[4/14/23 17:50:16:453 EDT] 00000001 SSLConfigMana I   CWPKI0051I: The process has the java security property jdk.tls.disabledAlgorithms set to [SSLv3, TLSv1, TLSv1.1, RC4, DES, MD5withRSA, DH keySize < 1024, DESede, EC keySize < 224, 3DES_EDE_CBC, anon, NULL, DES_CBC, include jdk.disabled.namedCurves].  The WebSphere Application server is setting the java security property jdk.tls.disabledAlgorithms to [SSLv3, RC4, DES, MD5withRSA, DH keySize < 1024, DESede, EC keySize < 224, 3DES_EDE_CBC, anon, NULL, DES_CBC]. 
[4/14/23 17:50:16:927 EDT] 00000001 WSKeyStore    W   CWPKI0041W: One or more key stores are using the default password.
[4/14/23 17:50:18:246 EDT] 00000001 SSLConfigMana I   CWPKI0027I: Disabling default hostname verification for HTTPS URL connections.
[4/14/23 17:50:18:246 EDT] 00000001 SSLConfigMana I   CWPKI0056I: The SSL configuration was initialized.  
[4/14/23 17:50:19:311 EDT] 00000001 SSLDiagnostic I   CWPKI0014I: The SSL component's FFDC Diagnostic Module com.ibm.ws.ssl.core.SSLDiagnosticModule registered successfully: true.
[4/14/23 17:50:19:311 EDT] 00000001 WSScheduler   I   CWPKI0057I: The WSScheduler is initializing.
[4/14/23 17:50:19:316 EDT] 00000001 WSScheduler   I   CWPKI0058I: The WSScheduler was initialized.
[4/14/23 17:50:19:316 EDT] 00000001 SSLComponentI I   CWPKI0002I: SSL service initialization completed successfully
[4/14/23 17:50:19:316 EDT] 00000001 DiagnosticCon I com.ibm.wsspi.rasdiag.DiagnosticConfigHome setStateCollectionSpec RASD0012I: Updating State Collection Spec from Uninitialized Value to .*:.*=0
[4/14/23 17:50:19:316 EDT] 00000001 PMIImpl       A   CWPMI1001I: PMI is enabled
[4/14/23 17:50:19:568 EDT] 00000001 GAPAgentCompo I   CWLRS6000I: GAP (Grid Application Placement) Component has initialized successfully on process UnManagedProcess.
[4/14/23 17:50:19:599 EDT] 00000001 SibMessage    I   [:] CWSIU0000I: Release: WAS855.SIB Level: cf232301.03
[4/14/23 17:50:19:631 EDT] 00000001 ODCManagerFac I   Factory set to <null>
[4/14/23 17:50:19:647 EDT] 00000001 SystemOut     O TS010671510: Diag module provided on 1/31/2023
[4/14/23 17:50:19:647 EDT] 00000001 SecurityDM    I   SECJ0231I: The Security component's FFDC Diagnostic Module com.ibm.ws.security.core.SecurityDM registered successfully: true.
[4/14/23 17:50:19:849 EDT] 00000001 distSecurityC I   SECJ6004I: Security Auditing is disabled. 
[4/14/23 17:50:19:885 EDT] 00000001 distSecurityC I   SECJ0309I: Java 2 Security is disabled.
[4/14/23 17:50:19:885 EDT] 00000001 Configuration A   SECJ0215I: Successfully set JAAS login provider configuration class to com.ibm.ws.security.auth.login.Configuration.
[4/14/23 17:50:20:083 EDT] 00000001 distSecurityC I   SECJ0240I: Security service initialization completed successfully
[4/14/23 17:50:24:586 EDT] 00000001 JAASLoginConf I   SECJ0212I: WCCM JAAS configuration information successfully pushed to login provider class.
[4/14/23 17:50:24:602 EDT] 00000001 J2EEServiceMa I   ASYN0059I: Work Manager service initialized successfully.
[4/14/23 17:50:24:617 EDT] 00000001 CScopeCompone I   CSCP0002I: Compensation service is disabled.
[4/14/23 17:50:24:641 EDT] 00000001 SibMessage    I   [:] CWSID0006I: The SIB service was not enabled and will not be started.
[4/14/23 17:50:24:641 EDT] 00000001 ActivitySessi I   WACS0045I: ActivitySession service is disabled.
[4/14/23 17:50:24:649 EDT] 00000001 AppProfileCom I   ACIN0030I: Application Profiling service is disabled.
[4/14/23 17:50:24:649 EDT] 00000001 SOAPContainer I   WSWS1062I: The SOAP Container service has been initialized.
[4/14/23 17:50:24:806 EDT] 00000001 SchedulerServ I   SCHD0036I: The Scheduler Service is initializing.
[4/14/23 17:50:24:806 EDT] 00000001 SchedulerServ I   SCHD0037I: The Scheduler Service has been initialized.
[4/14/23 17:50:24:806 EDT] 00000001 JPAComponentI I   CWWJP0026I: The Java Persistence API (JPA) component is initializing.
[4/14/23 17:50:24:806 EDT] 00000001 AbstractJPACo I   CWWJP0006I: The com.ibm.websphere.persistence.PersistenceProviderImpl class is loaded as the default Java Persistence API (JPA) provider.
[4/14/23 17:50:24:821 EDT] 00000001 JPAComponentI I   CWWJP0027I: The Java Persistence API (JPA) component has initialized.
[4/14/23 17:50:24:947 EDT] 00000001 ApplicationRe I ApplicationRepositoryFactory  CWSCT0405I: The application router is configured to select applications by the weight.
[4/14/23 17:50:24:947 EDT] 00000001 ApplicationRe I ApplicationRepositoryFactory  CWSCT0415I: Loading default application router, weight strategy.
[4/14/23 17:50:24:947 EDT] 00000001 DefaultApplic I DefaultApplicationRouter  CWSCT0401I: Default application router has been initialized.
[4/14/23 17:50:24:963 EDT] 00000001 WebsphereComm I WebsphereCommonLauncher  CWSCT0332I: SIP Container was launched successfully but will only be initialized when first SIP application is loaded.
[4/14/23 17:50:25:010 EDT] 00000001 StartUpServic I   STUP0008I: The Startup Beans service is disabled.
[4/14/23 17:50:25:010 EDT] 00000001 I18nService   I   I18N0010I: The Internationalization service is created on server1.
[4/14/23 17:50:25:010 EDT] 00000001 I18nServiceSe I   I18N0010I: The Internationalization service is disabled on server1.
[4/14/23 17:50:25:052 EDT] 00000001 GridConfigura I   CWLRB5871I: The GridConfigurator initialized successfully.
[4/14/23 17:50:25:062 EDT] 00000001 GridDBConfigu I   CWLRB5874I: The GridDBConfigurator initialized successfully.
[4/14/23 17:50:25:063 EDT] 00000001 BatchSensorCo I   CWLRB5902I: BatchSensorComponent initializing.
[4/14/23 17:50:25:063 EDT] 00000001 BatchSensorCo I   CWLRB5903I: BatchSensorComponent initialized successfully.
[4/14/23 17:50:25:084 EDT] 00000001 VisServiceCon I VisServiceConfigHelper getWriteInterval obj=com.ibm.ws.runtime.config.ConfigObjectImpl@11e75c55[C:\WAS855ND\profiles\AppSrv01\config\cells/DESKTOP-BBBKTCUNode01Cell/nodes/DESKTOP-BBBKTCUNode01/servers/server1/server.xml#NameServer_1183122130078]
[4/14/23 17:50:25:084 EDT] 00000001 VisServiceCon I VisServiceConfigHelper getWriteInterval obj=com.ibm.ws.runtime.config.ConfigObjectImpl@ed630044[C:\WAS855ND\profiles\AppSrv01\config\cells/DESKTOP-BBBKTCUNode01Cell/nodes/DESKTOP-BBBKTCUNode01/servers/server1/server.xml#ApplicationServer_1183122130078]
[4/14/23 17:50:25:147 EDT] 00000001 SchedulerComp I   CWLRB5856I: The RUN_IN_MIXED_MODE property has a value of false.
[4/14/23 17:50:25:178 EDT] 00000001 SSLComponentI I   CWPKI0003I: SSL service is starting
[4/14/23 17:50:25:194 EDT] 00000001 SSLComponentI I   CWPKI0004I: SSL service started successfully
[4/14/23 17:50:25:288 EDT] 00000001 SecurityConne A   JSAS0006I: Security connection interceptor initialized.
[4/14/23 17:50:25:304 EDT] 00000001 ServiceInit   A   JSAS0001I: Security configuration initialized.
[4/14/23 17:50:25:304 EDT] 00000001 ServiceInit   A   JSAS0003I: Authentication mechanism: LTPA
[4/14/23 17:50:25:304 EDT] 00000001 ServiceInit   A   JSAS0004I: Principal name: wasldap1.fyre.ibm.com:636/
[4/14/23 17:50:25:304 EDT] 00000001 CSIClientRI   A   JSAS0007I: Client request interceptor registered.
[4/14/23 17:50:25:342 EDT] 00000001 CSIServerRI   A   JSAS0008I: Server request interceptor registered.
[4/14/23 17:50:25:342 EDT] 00000001 SecurityCompo A   JSAS0009I: IOR interceptor registered.
[4/14/23 17:50:25:805 EDT] 00000001 SystemOut     O DEBUG: Setting Orb thread flag to true
[4/14/23 17:50:25:837 EDT] 00000001 SystemOut     O DEBUG: Setting Orb thread flag to true
[4/14/23 17:50:25:852 EDT] 00000001 CoordinatorIm I   HMGR0206I: The Coordinator is an Active Coordinator for core group DefaultCoreGroup. The active coordinator set is [DESKTOP-BBBKTCUNode01Cell\DESKTOP-BBBKTCUNode01\server1].
[4/14/23 17:50:25:852 EDT] 00000001 DCSPluginSing I   HMGR0005I: The Single Server DCS Core Stack transport has been started for core group DefaultCoreGroup.
[4/14/23 17:50:25:868 EDT] 00000001 CoordinatorCo I   HMGR0011I: The High Availability Manager is configured to be the bulletin board provider. 
[4/14/23 17:50:25:884 EDT] 00000001 DragDropDeplo I   CWLDD0103I: Monitored directory application deployment service has been configured to be off.
[4/14/23 17:50:25:993 EDT] 00000001 NameServerImp A   NMSV0018I: Name server available on bootstrap port 2809.
[4/14/23 17:50:26:072 EDT] 00000001 SystemOut     O DEBUG: setOutboundConnectionInfoInternal connectionInfo={com.ibm.ssl.direction=outbound} threadId=1
[4/14/23 17:50:26:088 EDT] 00000001 SystemOut     O ---DEBUG: setOutboundConnectionInfoInternal. Dump thread being called dumpstack BEGIN---
java.lang.Throwable
	at com.ibm.ws.security.config.ServiceabilityUtils.dumpStack(ServiceabilityUtils.java:41)
	at com.ibm.ws.ssl.config.ThreadContext.setOutboundConnectionInfoInternal(ThreadContext.java:164)
	at com.ibm.ws.ssl.config.ThreadManager.setOutboundConnectionInfoInternal(ThreadManager.java:216)
	at com.ibm.ws.ssl.provider.AbstractJSSEProvider.setOutboundConnectionInfoInternal(AbstractJSSEProvider.java:1610)
	at com.ibm.ws.ssl.provider.AbstractJSSEProvider.getSSLContext(AbstractJSSEProvider.java:188)
	at com.ibm.ws.ssl.provider.AbstractJSSEProvider.getSSLSocketFactory(AbstractJSSEProvider.java:969)
	at com.ibm.websphere.ssl.JSSEHelper.getSSLSocketFactory(JSSEHelper.java:653)
	at com.ibm.websphere.ssl.protocol.SSLSocketFactory.<init>(SSLSocketFactory.java:105)
	at com.ibm.ws.security.registry.ldap.LdapSSLSocketFactory.<init>(LdapSSLSocketFactory.java:35)
	at com.ibm.ws.security.registry.ldap.LdapSSLSocketFactory.<clinit>(LdapSSLSocketFactory.java:32)
	at java.lang.Class.forNameImpl(Native Method)
	at java.lang.Class.forName(Class.java:411)
	at com.sun.jndi.ldap.VersionHelper12.loadClass(VersionHelper12.java:94)
	at com.sun.jndi.ldap.Connection.createSocket(Connection.java:312)
	at com.sun.jndi.ldap.Connection.<init>(Connection.java:234)
	at com.sun.jndi.ldap.LdapClient.<init>(LdapClient.java:149)
	at com.sun.jndi.ldap.LdapClient.getInstance(LdapClient.java:1627)
	at com.sun.jndi.ldap.LdapCtx.connect(LdapCtx.java:2859)
	at com.sun.jndi.ldap.LdapCtx.<init>(LdapCtx.java:360)
	at com.sun.jndi.ldap.LdapCtxFactory.getLdapCtxFromUrl(LdapCtxFactory.java:237)
	at com.sun.jndi.ldap.LdapCtxFactory.getUsingURL(LdapCtxFactory.java:201)
	at com.sun.jndi.ldap.LdapCtxFactory.getUsingURLs(LdapCtxFactory.java:255)
	at com.sun.jndi.ldap.LdapCtxFactory.getLdapCtxInstance(LdapCtxFactory.java:166)
	at com.sun.jndi.ldap.LdapCtxFactory.getInitialContext(LdapCtxFactory.java:96)
	at org.apache.aries.jndi.ContextHelper.getInitialContextUsingBuilder(ContextHelper.java:241)
	at org.apache.aries.jndi.ContextHelper.getContextProvider(ContextHelper.java:199)
	at org.apache.aries.jndi.ContextHelper.getInitialContext(ContextHelper.java:140)
	at org.apache.aries.jndi.OSGiInitialContextFactoryBuilder.getInitialContext(OSGiInitialContextFactoryBuilder.java:50)
	at javax.naming.spi.NamingManager.getInitialContext(NamingManager.java:705)
	at javax.naming.InitialContext.getDefaultInitCtx(InitialContext.java:324)
	at javax.naming.InitialContext.init(InitialContext.java:255)
	at javax.naming.InitialContext.<init>(InitialContext.java:227)
	at javax.naming.directory.InitialDirContext.<init>(InitialDirContext.java:112)
	at com.ibm.ws.security.registry.ldap.InitialDirContextFactoryEngine.getDirContext(InitialDirContextFactoryEngine.java:39)
	at com.ibm.ws.security.registry.ldap.DirContextFactory.getDirContext(DirContextFactory.java:48)
	at com.ibm.ws.security.registry.ldap.LdapRegistryImpl.scanInactiveLDAP(LdapRegistryImpl.java:2072)
	at com.ibm.ws.security.registry.ldap.LdapRegistryImpl.initialize(LdapRegistryImpl.java:1803)
	at com.ibm.ws.security.registry.UserRegistryImpl.initializeCustomImpl(UserRegistryImpl.java:259)
	at com.ibm.ws.security.registry.UserRegistryImpl.initialize(UserRegistryImpl.java:193)
	at com.ibm.ws.security.config.UserRegistryConfigImpl.do_createRegistryObjects(UserRegistryConfigImpl.java:754)
	at com.ibm.ws.security.config.UserRegistryConfigImpl.createRegistryObjects(UserRegistryConfigImpl.java:711)
	at com.ibm.ws.security.config.UserRegistryConfigImpl.getUserRegistryImpl(UserRegistryConfigImpl.java:696)
	at com.ibm.ws.security.core.distSecurityComponentImpl.bindRegistry(distSecurityComponentImpl.java:588)
	at com.ibm.ws.security.core.distSecurityComponentImpl.bindRegistries(distSecurityComponentImpl.java:536)
	at com.ibm.ws.security.core.distSecurityComponentImpl.start(distSecurityComponentImpl.java:478)
	at com.ibm.ws.security.core.SecurityComponentImpl.start(SecurityComponentImpl.java:104)
	at com.ibm.ws.runtime.component.ContainerHelper.startComponents(ContainerHelper.java:540)
	at com.ibm.ws.runtime.component.ContainerImpl.startComponents(ContainerImpl.java:627)
	at com.ibm.ws.runtime.component.ContainerImpl.start(ContainerImpl.java:618)
	at com.ibm.ws.runtime.component.ServerImpl.start(ServerImpl.java:540)
	at com.ibm.ws.runtime.WsServerImpl.bootServerContainer(WsServerImpl.java:334)
	at com.ibm.ws.runtime.WsServerImpl.start(WsServerImpl.java:247)
	at com.ibm.ws.runtime.WsServerImpl.main(WsServerImpl.java:720)
	at com.ibm.ws.runtime.WsServer.main(WsServer.java:59)
	at sun.reflect.NativeMethodAccessorImpl.invoke0(Native Method)
	at sun.reflect.NativeMethodAccessorImpl.invoke(NativeMethodAccessorImpl.java:90)
	at sun.reflect.DelegatingMethodAccessorImpl.invoke(DelegatingMethodAccessorImpl.java:55)
	at java.lang.reflect.Method.invoke(Method.java:508)
	at com.ibm.wsspi.bootstrap.WSLauncher.launchMain(WSLauncher.java:234)
	at com.ibm.wsspi.bootstrap.WSLauncher.main(WSLauncher.java:96)
	at com.ibm.wsspi.bootstrap.WSLauncher.run(WSLauncher.java:77)
	at sun.reflect.NativeMethodAccessorImpl.invoke0(Native Method)
	at sun.reflect.NativeMethodAccessorImpl.invoke(NativeMethodAccessorImpl.java:90)
	at sun.reflect.DelegatingMethodAccessorImpl.invoke(DelegatingMethodAccessorImpl.java:55)
	at java.lang.reflect.Method.invoke(Method.java:508)
	at org.eclipse.equinox.internal.app.EclipseAppContainer.callMethodWithException(EclipseAppContainer.java:587)
	at org.eclipse.equinox.internal.app.EclipseAppHandle.run(EclipseAppHandle.java:198)
	at org.eclipse.core.runtime.internal.adaptor.EclipseAppLauncher.runApplication(EclipseAppLauncher.java:110)
	at org.eclipse.core.runtime.internal.adaptor.EclipseAppLauncher.start(EclipseAppLauncher.java:79)
	at org.eclipse.core.runtime.adaptor.EclipseStarter.run(EclipseStarter.java:369)
	at org.eclipse.core.runtime.adaptor.EclipseStarter.run(EclipseStarter.java:179)
	at sun.reflect.NativeMethodAccessorImpl.invoke0(Native Method)
	at sun.reflect.NativeMethodAccessorImpl.invoke(NativeMethodAccessorImpl.java:90)
	at sun.reflect.DelegatingMethodAccessorImpl.invoke(DelegatingMethodAccessorImpl.java:55)
	at java.lang.reflect.Method.invoke(Method.java:508)
	at org.eclipse.core.launcher.Main.invokeFramework(Main.java:340)
	at org.eclipse.core.launcher.Main.basicRun(Main.java:282)
	at org.eclipse.core.launcher.Main.run(Main.java:981)
	at com.ibm.wsspi.bootstrap.WSPreLauncher.launchEclipse(WSPreLauncher.java:425)
	at com.ibm.wsspi.bootstrap.WSPreLauncher.main(WSPreLauncher.java:178)
--------END Dump stack ---------
[4/14/23 17:50:27:281 EDT] 00000001 SystemOut     O DEBUG: WAS is about to look for client alias to make SSL connection to port 636
[4/14/23 17:50:27:281 EDT] 00000001 SystemOut     O DEBUG: Alert!!! OutboundConnectinInfo on the thread={com.ibm.ssl.direction=outbound}
[4/14/23 17:50:38:674 EDT] 00000001 UserRegistryI A   SECJ0136I: Custom Registry:com.ibm.ws.security.registry.ldap.LdapRegistryImpl has been initialized
[4/14/23 17:50:38:690 EDT] 00000001 JMSRegistrati A   WMSG1611I: The installed level of the WebSphere MQ messaging provider is 7.1.0.9.
[4/14/23 17:50:38:690 EDT] 00000001 JMSRegistrati I   WMSG1703I: RAR implementation version 7.1.0.9-k710-09-IT38826
[4/14/23 17:50:38:706 EDT] 00000001 ObjectPoolSer I   OBPL0010I: The Object Pool service started successfully.
[4/14/23 17:50:39:607 EDT] 00000001 JMXSoapAdapte A   ADMC0013I: The SOAP connector is available at port 8880
[4/14/23 17:50:39:646 EDT] 00000001 TCPChannel    I   TCPC0001I: TCP Channel TCPInboundChannel_ipcc.Default_IPC_Connector_Name is listening on host screenshots.firefox.com  (IPv4: 127.0.0.1) port 9633.
[4/14/23 17:50:39:646 EDT] 00000001 WSChannelFram A   CHFW0019I: The Transport Channel Service has started chain IPCCInboundChain.Default_IPC_Connector_Name.
[4/14/23 17:50:39:662 EDT] 00000001 IPCConnectorS I   ADMC0070I: The IPC connector is available at port 9633
[4/14/23 17:50:39:662 EDT] 00000001 distSecurityC I   securityServiceStarted is true
[4/14/23 17:50:39:662 EDT] 00000001 distSecurityC I   SECJ0243I: Security service started successfully
[4/14/23 17:50:39:662 EDT] 00000001 distSecurityC I   SECJ0210I: Security enabled true
[4/14/23 17:50:39:662 EDT] 00000001 J2EEServiceMa I   ASYN0055I: The Work Manager service started successfully.
[4/14/23 17:50:39:709 EDT] 00000001 RecoveryDirec I   CWRLS0010I: Performing recovery processing for local WebSphere server (DESKTOP-BBBKTCUNode01Cell\DESKTOP-BBBKTCUNode01\server1).
[4/14/23 17:50:39:709 EDT] 00000001 RecoveryDirec I   CWRLS0012I: All persistent services have been directed to perform recovery processing for this WebSphere server (DESKTOP-BBBKTCUNode01Cell\DESKTOP-BBBKTCUNode01\server1).
[4/14/23 17:50:39:882 EDT] 0000004e RecoveryManag A   WTRN0132I: Transaction recovery for DESKTOP-BBBKTCUNode01Cell\DESKTOP-BBBKTCUNode01\server1 initiated with server uuid 2372c6079e7e292569712f278c4e4f63ffd1b840 and restart epoch 6
[4/14/23 17:50:39:882 EDT] 0000004e RecoveryManag I   WTRN0135I: Transaction service recovering no transactions.
[4/14/23 17:50:39:882 EDT] 00000001 ResourceMgrIm I   WSVR0049I: Binding AsyncRequestDispatcherWorkManager as wm/ard
[4/14/23 17:50:39:882 EDT] 0000004e RecoveryManag A   WTRN0134I: Recovering 0 XA resource manager(s) from the transaction partner logs
[4/14/23 17:50:39:897 EDT] 0000004e RecoveryManag A   WTRN0133I: Transaction recovery processing for this server is complete
[4/14/23 17:50:39:945 EDT] 00000001 ResourceMgrIm I   WSVR0049I: Binding DefaultEJBTimerDataSource as jdbc/DefaultEJBTimerDataSource
[4/14/23 17:50:39:960 EDT] 00000001 ResourceMgrIm I   WSVR0049I: Binding Default_CF as eis/DefaultDatasource_CMP
[4/14/23 17:50:39:976 EDT] 00000001 ResourceMgrIm I   WSVR0049I: Binding Default Datasource as DefaultDatasource
[4/14/23 17:50:39:991 EDT] 00000001 ResourceMgrIm I   WSVR0049I: Binding DefaultWorkManager as wm/default
[4/14/23 17:50:39:991 EDT] 00000001 ResourceMgrIm I   WSVR0049I: Binding DefaultTimerManager as tm/default
[4/14/23 17:50:40:008 EDT] 00000001 WorkAreaServi A   ACWA0002I: WorkArea service not enabled on server1.
[4/14/23 17:50:40:008 EDT] 00000001 SOAPAcceptorC I   WSSC1019I: The SOAP Acceptor Channel has been configured.
[4/14/23 17:50:40:023 EDT] 00000001 CacheServiceI I   DYNA1054I: Dynamic Cache (core cache) initialized successfully.
[4/14/23 17:50:40:039 EDT] 00000001 ObjectCacheSe I   DYNA1056I: Dynamic Cache (object cache) initialized successfully.
[4/14/23 17:50:40:070 EDT] 00000001 WebContainer  I com.ibm.ws.webcontainer.internal.WebContainer addExtensionFactory SRVE0239I: Extension Factory [class com.ibm.ws.websvcs.extension.WASAxis2ExtensionFactory] was registered successfully.
[4/14/23 17:50:40:070 EDT] 00000001 WebContainer  I com.ibm.ws.webcontainer.internal.WebContainer addExtensionFactory SRVE0240I: Extension Factory [class com.ibm.ws.websvcs.extension.WASAxis2ExtensionFactory] has been associated with patterns [""].
[4/14/23 17:50:40:070 EDT] 00000001 WebContainer  I com.ibm.ws.webcontainer.internal.WebContainer addExtensionFactory SRVE0239I: Extension Factory [class com.ibm.ws.websvcs.extension.AsyncServletExtensionFactory] was registered successfully.
[4/14/23 17:50:40:070 EDT] 00000001 WebContainer  I com.ibm.ws.webcontainer.internal.WebContainer addExtensionFactory SRVE0240I: Extension Factory [class com.ibm.ws.websvcs.extension.AsyncServletExtensionFactory] has been associated with patterns [""].
[4/14/23 17:50:40:070 EDT] 00000001 WASAxis2Compo I   WSWS7001I: The Axis2 service has been started.
[4/14/23 17:50:40:108 EDT] 00000001 SchedulerServ I   SCHD0031I: The Scheduler Service is starting.
[4/14/23 17:50:40:108 EDT] 00000001 SchedulerServ I   SCHD0001I: The Scheduler Service has started.
[4/14/23 17:50:40:108 EDT] 00000001 JPAComponentI I   CWWJP0028I: The Java Persistence API (JPA) component is starting.
[4/14/23 17:50:40:108 EDT] 00000001 JPAComponentI I   CWWJP0017I: The Java Persistence API (JPA) component has started.
[4/14/23 17:50:40:133 EDT] 00000001 ServerCache   I   DYNA1001I: WebSphere Dynamic Cache instance named ws/com.ibm.ws.wssecurity.sctClientCacheMap initialized successfully.
[4/14/23 17:50:40:133 EDT] 00000001 ServerCache   I   DYNA1071I: The cache provider "default" is being used.
[4/14/23 17:50:40:133 EDT] 00000001 ServerCache   I   DYNA1001I: WebSphere Dynamic Cache instance named ws/com.ibm.ws.wssecurity.sctServiceCacheMap initialized successfully.
[4/14/23 17:50:40:133 EDT] 00000001 ServerCache   I   DYNA1071I: The cache provider "default" is being used.
[4/14/23 17:50:40:164 EDT] 00000001 RegistryConfi I   CWXRS0017I: Extension Registry objects storage: C:\WAS855ND\profiles\AppSrv01\temp\DESKTOP-BBBKTCUNode01\server1\_extensionregistry
[4/14/23 17:50:40:180 EDT] 00000001 ServerCache   I   DYNA1001I: WebSphere Dynamic Cache instance named ws/com.ibm.workplace/ExtensionRegistryCache initialized successfully.
[4/14/23 17:50:40:180 EDT] 00000001 ServerCache   I   DYNA1071I: The cache provider "default" is being used.
[4/14/23 17:50:40:180 EDT] 00000001 RegistryCache I   CWXRS0002I: DynaCache instance for Extension Registry created with CACHE_SIZE: 5000
[4/14/23 17:50:40:331 EDT] 00000001 WebContainer  I com.ibm.ws.webcontainer.internal.WebContainer addExtensionFactory SRVE0239I: Extension Factory [class com.ibm.ws.container.binding.http.HTTPExtensionFactory] was registered successfully.
[4/14/23 17:50:40:331 EDT] 00000001 WebContainer  I com.ibm.ws.webcontainer.internal.WebContainer addExtensionFactory SRVE0240I: Extension Factory [class com.ibm.ws.container.binding.http.HTTPExtensionFactory] has been associated with patterns [""].
[4/14/23 17:50:40:331 EDT] 00000001 WebContainer  I com.ibm.ws.webcontainer.internal.WebContainer addExtensionFactory SRVE0239I: Extension Factory [class com.ibm.ws.jsf.extprocessor.JSFExtensionFactory] was registered successfully.
[4/14/23 17:50:40:331 EDT] 00000001 WebContainer  I com.ibm.ws.webcontainer.internal.WebContainer addExtensionFactory SRVE0240I: Extension Factory [class com.ibm.ws.jsf.extprocessor.JSFExtensionFactory] has been associated with patterns [""].
[4/14/23 17:50:40:347 EDT] 00000001 WebContainer  I com.ibm.ws.webcontainer.internal.WebContainer addExtensionFactory SRVE0239I: Extension Factory [class com.ibm.ws.portletcontainer.webextension.PortletExtensionFactory] was registered successfully.
[4/14/23 17:50:40:347 EDT] 00000001 WebContainer  I com.ibm.ws.webcontainer.internal.WebContainer addExtensionFactory SRVE0240I: Extension Factory [class com.ibm.ws.portletcontainer.webextension.PortletExtensionFactory] has been associated with patterns [""].
[4/14/23 17:50:40:347 EDT] 00000001 WebContainer  I com.ibm.ws.webcontainer.internal.WebContainer addExtensionFactory SRVE0239I: Extension Factory [class com.ibm.ws.portletcontainer.portletserving.PortletServingExtensionFactory] was registered successfully.
[4/14/23 17:50:40:347 EDT] 00000001 WebContainer  I com.ibm.ws.webcontainer.internal.WebContainer addExtensionFactory SRVE0240I: Extension Factory [class com.ibm.ws.portletcontainer.portletserving.PortletServingExtensionFactory] has been associated with patterns [""].
[4/14/23 17:50:40:363 EDT] 00000001 WebContainer  I com.ibm.ws.webcontainer.internal.WebContainer addExtensionFactory SRVE0239I: Extension Factory [class com.ibm.ws.jsp.webcontainerext.ws.WASJSPExtensionFactory] was registered successfully.
[4/14/23 17:50:40:363 EDT] 00000001 WebContainer  I com.ibm.ws.webcontainer.internal.WebContainer addExtensionFactory SRVE0240I: Extension Factory [class com.ibm.ws.jsp.webcontainerext.ws.WASJSPExtensionFactory] has been associated with patterns [*.jsp *.jspx *.jsw *.jsv ].
[4/14/23 17:50:40:456 EDT] 00000001 WebContainer  I com.ibm.ws.webcontainer.internal.WebContainer addExtensionFactory SRVE0239I: Extension Factory [class com.ibm.ws.ard.extension.ARDExtensionFactory] was registered successfully.
[4/14/23 17:50:40:456 EDT] 00000001 WebContainer  I com.ibm.ws.webcontainer.internal.WebContainer addExtensionFactory SRVE0240I: Extension Factory [class com.ibm.ws.ard.extension.ARDExtensionFactory] has been associated with patterns [""].
[4/14/23 17:50:41:224 EDT] 00000001 ThreadPool    I   WSVR0629I: The request buffer for thread pool "server.startup" has reached its capacity.
[4/14/23 17:50:41:240 EDT] 00000058 ApplicationMg A   WSVR0200I: Starting application: ManagementEJB
[4/14/23 17:50:41:240 EDT] 00000058 ApplicationMg A   WSVR0204I: Application: ManagementEJB  Application build level: Unknown
[4/14/23 17:50:41:240 EDT] 00000059 ApplicationMg A   WSVR0200I: Starting application: SchedulerCalendars
[4/14/23 17:50:41:240 EDT] 00000059 ApplicationMg A   WSVR0204I: Application: SchedulerCalendars  Application build level: Unknown
[4/14/23 17:50:41:240 EDT] 00000057 ApplicationMg A   WSVR0200I: Starting application: filetransferSecured
[4/14/23 17:50:41:240 EDT] 00000057 ApplicationMg A   WSVR0204I: Application: filetransferSecured  Application build level: Unknown
[4/14/23 17:50:41:428 EDT] 00000057 webcontainer  I com.ibm.ws.webcontainer.WSWebContainer initialize SRVE0161I: IBM WebSphere Application Server - Web Container.  Copyright IBM Corp. 1998-2012
[4/14/23 17:50:41:428 EDT] 00000057 webcontainer  I com.ibm.ws.webcontainer.WSWebContainer initialize SRVE0162I: Servlet Specification Level: 3.0
[4/14/23 17:50:41:428 EDT] 00000057 webcontainer  I com.ibm.ws.webcontainer.WSWebContainer initialize SRVE0163I: Supported JSP Specification Level: 2.2
[4/14/23 17:50:41:428 EDT] 00000057 collaborator  I com.ibm.ws.webcontainer.collaborator.WebAppSecurityCollaboratorImpl createSecurityCollabImpl using default ejs collaborator since there is nothing in the extension points
[4/14/23 17:50:41:428 EDT] 00000058 SharedEJBRunt I   WSVR0037I: Starting EJB jar: mejb.jar
[4/14/23 17:50:41:428 EDT] 00000059 SharedEJBRunt I   WSVR0037I: Starting EJB jar: Calendars.jar
[4/14/23 17:50:41:443 EDT] 00000057 AuthConfigFac W   SECJ8032W: AuthConfigFactory implementation is not defined, using the default JASPI factory implementation class: com.ibm.ws.security.jaspi.ProviderRegistry.
[4/14/23 17:50:41:459 EDT] 00000059 WASNameSpaceB I   CNTR0167I: The server is binding the com.ibm.websphere.scheduler.UserCalendarHome interface of the DefaultUserCalendar enterprise bean in the Calendars.jar module of the SchedulerCalendars application.  The binding location is: com/ibm/websphere/scheduler/calendar/DefaultUserCalendarHome
[4/14/23 17:50:41:459 EDT] 00000057 webcontainer  I com.ibm.ws.webcontainer.WSWebContainer addVirtualHostExtensionFactory SRVE0239I: Extension Factory [class com.ibm.ws.webcontainer.extension.ExtHandshakeVHostExtensionFactory] was registered successfully.
[4/14/23 17:50:41:475 EDT] 00000057 webcontainer  I com.ibm.ws.webcontainer.WSWebContainer addVirtualHostExtensionFactory SRVE0240I: Extension Factory [class com.ibm.ws.webcontainer.extension.ExtHandshakeVHostExtensionFactory] has been associated with patterns [VH:_WS_EH* ].
[4/14/23 17:50:41:476 EDT] 00000059 AbstractEJBRu I   CNTR0167I: The server is binding the com.ibm.websphere.scheduler.UserCalendarHome interface of the DefaultUserCalendar enterprise bean in the Calendars.jar module of the SchedulerCalendars application.  The binding location is: java:global/SchedulerCalendars/Calendars/DefaultUserCalendar!com.ibm.websphere.scheduler.UserCalendarHome
[4/14/23 17:50:41:479 EDT] 00000057 webapp        I com.ibm.ws.webcontainer.webapp.WebGroupImpl WebGroup SRVE0169I: Loading Web Module: WebSphere Admin File Transfer Application.
[4/14/23 17:50:41:527 EDT] 00000057 WASSessionCor I SessionContextRegistry getSessionContext SESN0176I: Will create a new session context for application key admin_host/FileTransfer
[4/14/23 17:50:41:542 EDT] 00000059 SharedEJBRunt I   WSVR0057I: EJB jar started: Calendars.jar
[4/14/23 17:50:41:558 EDT] 00000058 WASNameSpaceB I   CNTR0167I: The server is binding the javax.management.j2ee.ManagementHome interface of the Management enterprise bean in the mejb.jar module of the ManagementEJB application.  The binding location is: ejb/mgmt/MEJB
[4/14/23 17:50:41:558 EDT] 00000058 AbstractEJBRu I   CNTR0167I: The server is binding the javax.management.j2ee.ManagementHome interface of the Management enterprise bean in the mejb.jar module of the ManagementEJB application.  The binding location is: java:global/ManagementEJB/mejb/Management!javax.management.j2ee.ManagementHome
[4/14/23 17:50:41:605 EDT] 00000058 SharedEJBRunt I   WSVR0057I: EJB jar started: mejb.jar
[4/14/23 17:50:41:652 EDT] 00000057 ServletWrappe I com.ibm.ws.webcontainer.servlet.ServletWrapper init SRVE0242I: [filetransferSecured] [/FileTransfer] [transfer]: Initialization successful.
[4/14/23 17:50:41:652 EDT] 00000057 webcontainer  I com.ibm.ws.webcontainer.VirtualHostImpl addWebApplication SRVE0250I: Web Module WebSphere Admin File Transfer Application has been bound to admin_host[*:9061,*:9045].
[4/14/23 17:50:41:668 EDT] 00000058 ApplicationMg A   WSVR0221I: Application started: ManagementEJB
[4/14/23 17:50:41:668 EDT] 00000059 ApplicationMg A   WSVR0221I: Application started: SchedulerCalendars
[4/14/23 17:50:41:683 EDT] 00000058 CompositionUn A   WSVR0190I: Starting composition unit WebSphere:cuname=isclite in BLA WebSphere:blaname=isclite.
[4/14/23 17:50:41:683 EDT] 00000059 CompositionUn A   WSVR0190I: Starting composition unit WebSphere:cuname=DefaultApplication in BLA WebSphere:blaname=DefaultApplication.
[4/14/23 17:50:41:683 EDT] 00000057 ApplicationMg A   WSVR0221I: Application started: filetransferSecured
[4/14/23 17:50:41:683 EDT] 00000057 CompositionUn A   WSVR0190I: Starting composition unit WebSphere:cuname=ibmasyncrsp in BLA WebSphere:blaname=ibmasyncrsp.
[4/14/23 17:50:42:370 EDT] 00000058 ApplicationMg A   WSVR0200I: Starting application: isclite
[4/14/23 17:50:42:370 EDT] 00000058 ApplicationMg A   WSVR0203I: Application: isclite  Application build level: WAS855.IM [cf232303.01]
[4/14/23 17:50:42:495 EDT] 00000059 ApplicationMg A   WSVR0200I: Starting application: DefaultApplication
[4/14/23 17:50:42:495 EDT] 00000059 ApplicationMg A   WSVR0204I: Application: DefaultApplication  Application build level: Unknown
[4/14/23 17:50:42:543 EDT] 00000057 ApplicationMg A   WSVR0200I: Starting application: ibmasyncrsp
[4/14/23 17:50:42:558 EDT] 00000057 ApplicationMg A   WSVR0203I: Application: ibmasyncrsp  Application build level: 1 [3]
[4/14/23 17:50:42:684 EDT] 00000057 webapp        I com.ibm.ws.webcontainer.webapp.WebGroupImpl WebGroup SRVE0169I: Loading Web Module: WebSphere ASYNC Response Servlet Application.
[4/14/23 17:50:42:715 EDT] 00000057 WASSessionCor I SessionContextRegistry getSessionContext SESN0176I: Will create a new session context for application key default_host/IBM_WS_SYS_RESPONSESERVLET
[4/14/23 17:50:42:746 EDT] 00000057 ServletWrappe I com.ibm.ws.webcontainer.servlet.ServletWrapper init SRVE0242I: [ibmasyncrsp] [/IBM_WS_SYS_RESPONSESERVLET] [rspservlet]: Initialization successful.
[4/14/23 17:50:42:746 EDT] 00000057 webcontainer  I com.ibm.ws.webcontainer.VirtualHostImpl addWebApplication SRVE0250I: Web Module WebSphere ASYNC Response Servlet Application has been bound to default_host[*:9081,*:80,*:9444,*:5060,*:5061,*:443].
[4/14/23 17:50:42:762 EDT] 00000057 ApplicationMg A   WSVR0221I: Application started: ibmasyncrsp
[4/14/23 17:50:42:762 EDT] 00000057 CompositionUn A   WSVR0191I: Composition unit WebSphere:cuname=ibmasyncrsp in BLA WebSphere:blaname=ibmasyncrsp started.
[4/14/23 17:50:42:778 EDT] 00000057 CompositionUn A   WSVR0190I: Starting composition unit WebSphere:cuname=query in BLA WebSphere:blaname=query.
[4/14/23 17:50:42:901 EDT] 00000057 ApplicationMg A   WSVR0200I: Starting application: query
[4/14/23 17:50:42:902 EDT] 00000057 ApplicationMg A   WSVR0204I: Application: query  Application build level: Unknown
[4/14/23 17:50:42:952 EDT] 00000057 SharedEJBRunt I   WSVR0037I: Starting EJB jar: querybean.jar
[4/14/23 17:50:43:032 EDT] 00000057 WASNameSpaceB I   CNTR0167I: The server is binding the com.ibm.websphere.ejbquery.QueryHome interface of the Query enterprise bean in the querybean.jar module of the query application.  The binding location is: com/ibm/websphere/ejbquery/Query
[4/14/23 17:50:43:037 EDT] 00000057 AbstractEJBRu I   CNTR0167I: The server is binding the com.ibm.websphere.ejbquery.QueryHome interface of the Query enterprise bean in the querybean.jar module of the query application.  The binding location is: java:global/query/querybean/Query!com.ibm.websphere.ejbquery.QueryHome
[4/14/23 17:50:43:042 EDT] 00000057 WASNameSpaceB I   CNTR0167I: The server is binding the com.ibm.websphere.ejbquery.QueryLocalHome interface of the Query enterprise bean in the querybean.jar module of the query application.  The binding location is: ejblocal:com/ibm/websphere/ejbquery/Query
[4/14/23 17:50:43:042 EDT] 00000057 AbstractEJBRu I   CNTR0167I: The server is binding the com.ibm.websphere.ejbquery.QueryLocalHome interface of the Query enterprise bean in the querybean.jar module of the query application.  The binding location is: java:global/query/querybean/Query!com.ibm.websphere.ejbquery.QueryLocalHome
[4/14/23 17:50:43:089 EDT] 00000057 SharedEJBRunt I   WSVR0057I: EJB jar started: querybean.jar
[4/14/23 17:50:43:105 EDT] 00000057 ApplicationMg A   WSVR0221I: Application started: query
[4/14/23 17:50:43:116 EDT] 00000057 CompositionUn A   WSVR0191I: Composition unit WebSphere:cuname=query in BLA WebSphere:blaname=query started.
[4/14/23 17:50:43:121 EDT] 00000057 CompositionUn A   WSVR0190I: Starting composition unit WebSphere:cuname=ivtApp in BLA WebSphere:blaname=ivtApp.
[4/14/23 17:50:43:325 EDT] 00000057 ApplicationMg A   WSVR0200I: Starting application: ivtApp
[4/14/23 17:50:43:325 EDT] 00000057 ApplicationMg A   WSVR0203I: Application: ivtApp  Application build level: UNKNOWN [UNKNOWN]
[4/14/23 17:50:43:419 EDT] 00000057 SharedEJBRunt I   WSVR0037I: Starting EJB jar: ivtEJB.jar
[4/14/23 17:50:43:701 EDT] 00000057 WASNameSpaceB I   CNTR0167I: The server is binding the com.ibm.websphere.ivt.ivtEJB.ivtEJBObject interface of the ivtEJBObject enterprise bean in the ivtEJB.jar module of the ivtApp application.  The binding location is: ejblocal:ivtApp/ivtEJB.jar/ivtEJBObject#com.ibm.websphere.ivt.ivtEJB.ivtEJBObject
[4/14/23 17:50:43:701 EDT] 00000057 WASNameSpaceB I   CNTR0167I: The server is binding the com.ibm.websphere.ivt.ivtEJB.ivtEJBObject interface of the ivtEJBObject enterprise bean in the ivtEJB.jar module of the ivtApp application.  The binding location is: ejblocal:com.ibm.websphere.ivt.ivtEJB.ivtEJBObject
[4/14/23 17:50:43:717 EDT] 00000057 AbstractEJBRu I   CNTR0167I: The server is binding the com.ibm.websphere.ivt.ivtEJB.ivtEJBObject interface of the ivtEJBObject enterprise bean in the ivtEJB.jar module of the ivtApp application.  The binding location is: java:global/ivtApp/ivtEJB/ivtEJBObject!com.ibm.websphere.ivt.ivtEJB.ivtEJBObject
[4/14/23 17:50:43:748 EDT] 00000057 SharedEJBRunt I   WSVR0057I: EJB jar started: ivtEJB.jar
[4/14/23 17:50:43:795 EDT] 00000057 webapp        I com.ibm.ws.webcontainer.webapp.WebGroupImpl WebGroup SRVE0169I: Loading Web Module: ivt_app.war.
[4/14/23 17:50:43:827 EDT] 00000057 WASSessionCor I SessionContextRegistry getSessionContext SESN0176I: Will create a new session context for application key default_host/ivt
[4/14/23 17:50:43:874 EDT] 00000057 webcontainer  I com.ibm.ws.webcontainer.VirtualHostImpl addWebApplication SRVE0250I: Web Module null has been bound to default_host[*:9081,*:80,*:9444,*:5060,*:5061,*:443].
[4/14/23 17:50:43:889 EDT] 00000057 ApplicationMg A   WSVR0221I: Application started: ivtApp
[4/14/23 17:50:43:889 EDT] 00000057 CompositionUn A   WSVR0191I: Composition unit WebSphere:cuname=ivtApp in BLA WebSphere:blaname=ivtApp started.
[4/14/23 17:50:44:187 EDT] 00000059 InternalGener I   DSRA8225I: DataSource JNDI name : DefaultDatasource
[4/14/23 17:50:44:187 EDT] 00000059 InternalGener I   DSRA8203I: Database product name : Apache Derby
[4/14/23 17:50:44:187 EDT] 00000059 InternalGener I   DSRA8204I: Database product version : 10.8.3.3 - (cvefixes1)
[4/14/23 17:50:44:187 EDT] 00000059 InternalGener I   DSRA8205I: JDBC driver name  : Apache Derby Embedded JDBC Driver
[4/14/23 17:50:44:187 EDT] 00000059 InternalGener I   DSRA8206I: JDBC driver version  : 10.8.3.3 - (cvefixes1)
[4/14/23 17:50:44:187 EDT] 00000059 InternalGener I   DSRA8218I: JDBC driver specification level  : 4.0
[4/14/23 17:50:44:203 EDT] 00000059 jdbc_JDBC     I   CWWJP9990I: openjpa.jdbc.JDBC: Info: Using dictionary class "org.apache.openjpa.jdbc.sql.DerbyDictionary" (Apache Derby 10.8.3.3 - (cvefixes1) ,Apache Derby Embedded JDBC Driver 10.8.3.3 - (cvefixes1)).
[4/14/23 17:50:44:266 EDT] 00000059 Runtime       I   CWWJP9990I: openjpa.Runtime: Info: OpenJPA dynamically loaded a validation provider.
[4/14/23 17:50:44:419 EDT] 00000059 PluginLoader  I PluginLoader loadEJBMetadata Adding OpenWebBeansPlugin : [OpenWebBeansJsfPlugin]
[4/14/23 17:50:44:419 EDT] 00000059 PluginLoader  I PluginLoader loadEJBMetadata Adding OpenWebBeansPlugin : [WSWebPlugin]
[4/14/23 17:50:44:423 EDT] 00000059 PluginLoader  I PluginLoader loadEJBMetadata Adding OpenWebBeansPlugin : [WSEjbPlugin]
[4/14/23 17:50:44:423 EDT] 00000059 PluginLoader  I PluginLoader loadEJBMetadata Adding OpenWebBeansPlugin : [ContextsServicePlugin]
[4/14/23 17:50:44:423 EDT] 00000059 PluginLoader  I PluginLoader loadEJBMetadata Adding OpenWebBeansPlugin : [OpenWebBeansEjbLCAPluginImpl]
[4/14/23 17:50:44:454 EDT] 00000059 SharedEJBRunt I   WSVR0037I: Starting EJB jar: DefaultWebApplication.war
[4/14/23 17:50:44:470 EDT] 00000059 WASNameSpaceB I   CNTR0167I: The server is binding the com.ibm.defaultapplication.IncrementSSB interface of the IncrementSSB enterprise bean in the DefaultWebApplication.war module of the DefaultApplication application.  The binding location is: ejblocal:DefaultApplication/DefaultWebApplication.war/IncrementSSB#com.ibm.defaultapplication.IncrementSSB
[4/14/23 17:50:44:470 EDT] 00000059 WASNameSpaceB I   CNTR0167I: The server is binding the com.ibm.defaultapplication.IncrementSSB interface of the IncrementSSB enterprise bean in the DefaultWebApplication.war module of the DefaultApplication application.  The binding location is: ejblocal:com.ibm.defaultapplication.IncrementSSB
[4/14/23 17:50:44:470 EDT] 00000059 AbstractEJBRu I   CNTR0167I: The server is binding the com.ibm.defaultapplication.IncrementSSB interface of the IncrementSSB enterprise bean in the DefaultWebApplication.war module of the DefaultApplication application.  The binding location is: java:global/DefaultApplication/DefaultWebApplication/IncrementSSB!com.ibm.defaultapplication.IncrementSSB
[4/14/23 17:50:44:486 EDT] 00000059 SharedEJBRunt I   WSVR0057I: EJB jar started: DefaultWebApplication.war
[4/14/23 17:50:44:486 EDT] 00000059 webapp        I com.ibm.ws.webcontainer.webapp.WebGroupImpl WebGroup SRVE0169I: Loading Web Module: Default Web Application.
[4/14/23 17:50:44:519 EDT] 00000059 WASSessionCor I SessionContextRegistry getSessionContext SESN0176I: Will create a new session context for application key default_host/
[4/14/23 17:50:44:549 EDT] 00000059 WebContainerL I WebContainerLifecycle startApplication OpenWebBeans Container is starting...
[4/14/23 17:50:44:595 EDT] 00000059 BeansDeployer I BeansDeployer deploy All injection points were validated successfully.
[4/14/23 17:50:44:611 EDT] 00000059 WebContainerL I WebContainerLifecycle startApplication OpenWebBeans Container has started, it took [62] ms.
[4/14/23 17:50:44:611 EDT] 00000059 webcontainer  I com.ibm.ws.webcontainer.VirtualHostImpl addWebApplication SRVE0250I: Web Module Default Web Application has been bound to default_host[*:9081,*:80,*:9444,*:5060,*:5061,*:443].
[4/14/23 17:50:44:627 EDT] 00000059 ApplicationMg A   WSVR0221I: Application started: DefaultApplication
[4/14/23 17:50:44:627 EDT] 00000059 CompositionUn A   WSVR0191I: Composition unit WebSphere:cuname=DefaultApplication in BLA WebSphere:blaname=DefaultApplication started.
[4/14/23 17:50:46:897 EDT] 00000058 ExtensionPoin I   CWXRS0034I: Extension com.ibm.ws.isc.ibmautogeneratedidentifier1 connected with Extension Point com.ibm.ws.portletcontainer.collaborator-config
[4/14/23 17:50:46:929 EDT] 00000058 webapp        I com.ibm.ws.webcontainer.webapp.WebGroupImpl WebGroup SRVE0169I: Loading Web Module: isclite.
[4/14/23 17:50:46:975 EDT] 00000058 WASSessionCor I SessionContextRegistry getSessionContext SESN0176I: Will create a new session context for application key admin_host/ibm/console
[4/14/23 17:50:47:368 EDT] 00000058 ServletWrappe I com.ibm.ws.webcontainer.servlet.ServletWrapper init SRVE0242I: [isclite] [/ibm/console] [EventInitializer]: Initialization successful.
[4/14/23 17:50:47:368 EDT] 00000058 webcontainer  I com.ibm.ws.webcontainer.VirtualHostImpl addWebApplication SRVE0250I: Web Module isclite has been bound to admin_host[*:9061,*:9045].
[4/14/23 17:50:47:415 EDT] 00000058 webapp        I com.ibm.ws.webcontainer.webapp.WebGroupImpl WebGroup SRVE0169I: Loading Web Module: adminconsole redirector.
[4/14/23 17:50:47:446 EDT] 00000058 WASSessionCor I SessionContextRegistry getSessionContext SESN0176I: Will create a new session context for application key admin_host/admin
[4/14/23 17:50:47:462 EDT] 00000058 webcontainer  I com.ibm.ws.webcontainer.VirtualHostImpl addWebApplication SRVE0250I: Web Module adminconsole redirector has been bound to admin_host[*:9061,*:9045].
[4/14/23 17:50:47:626 EDT] 00000058 webapp        I com.ibm.ws.webcontainer.webapp.WebGroupImpl WebGroup SRVE0169I: Loading Web Module: iehs.war.
[4/14/23 17:50:47:650 EDT] 00000058 WASSessionCor I SessionContextRegistry getSessionContext SESN0176I: Will create a new session context for application key admin_host/ibm/help
[4/14/23 17:50:47:713 EDT] 00000058 webcontainer  I com.ibm.ws.webcontainer.VirtualHostImpl addWebApplication SRVE0250I: Web Module null has been bound to admin_host[*:9061,*:9045].
[4/14/23 17:50:47:823 EDT] 00000058 webapp        I com.ibm.ws.webcontainer.webapp.WebGroupImpl WebGroup SRVE0169I: Loading Web Module: Integrated Solutions Console.
[4/14/23 17:50:47:854 EDT] 00000058 WASSessionCor I SessionContextRegistry getSessionContext SESN0176I: Will create a new session context for application key admin_host/ISCAdminPortlet
[4/14/23 17:50:47:870 EDT] 00000058 MBeanDescript I   ADMN1216I: One or more methods in Portlet mbean is excluded from access check.
[4/14/23 17:50:47:901 EDT] 00000058 MBeanDescript I   ADMN1216I: One or more methods in PortletApplication mbean is excluded from access check.
[4/14/23 17:50:47:917 EDT] 00000058 webcontainer  I com.ibm.ws.webcontainer.VirtualHostImpl addWebApplication SRVE0250I: Web Module Integrated Solutions Console has been bound to admin_host[*:9061,*:9045].
[4/14/23 17:50:47:995 EDT] 00000058 webapp        I com.ibm.ws.webcontainer.webapp.WebGroupImpl WebGroup SRVE0169I: Loading Web Module: WIM.
[4/14/23 17:50:48:058 EDT] 00000058 WASSessionCor I SessionContextRegistry getSessionContext SESN0176I: Will create a new session context for application key admin_host/wim
[4/14/23 17:50:48:089 EDT] 00000058 webcontainer  I com.ibm.ws.webcontainer.VirtualHostImpl addWebApplication SRVE0250I: Web Module WIM has been bound to admin_host[*:9061,*:9045].
[4/14/23 17:50:48:127 EDT] 00000058 webapp        I com.ibm.ws.webcontainer.webapp.WebGroupImpl WebGroup SRVE0169I: Loading Web Module: WebSphere Application Server.
[4/14/23 17:50:48:152 EDT] 00000058 WASSessionCor I SessionContextRegistry getSessionContext SESN0176I: Will create a new session context for application key admin_host/wasportlet
[4/14/23 17:50:48:183 EDT] 00000058 webcontainer  I com.ibm.ws.webcontainer.VirtualHostImpl addWebApplication SRVE0250I: Web Module WebSphere Application Server has been bound to admin_host[*:9061,*:9045].
[4/14/23 17:50:48:183 EDT] 00000058 ApplicationMg A   WSVR0221I: Application started: isclite
[4/14/23 17:50:48:183 EDT] 00000058 CompositionUn A   WSVR0191I: Composition unit WebSphere:cuname=isclite in BLA WebSphere:blaname=isclite started.
[4/14/23 17:50:48:199 EDT] 00000057 CompositionUn A   WSVR0190I: Starting composition unit WebSphere:cuname=ItsohelloEAR in BLA WebSphere:blaname=ItsohelloEAR.
[4/14/23 17:50:48:356 EDT] 00000057 ApplicationMg A   WSVR0200I: Starting application: ItsohelloEAR
[4/14/23 17:50:48:356 EDT] 00000057 ApplicationMg A   WSVR0204I: Application: ItsohelloEAR  Application build level: Unknown
[4/14/23 17:50:48:428 EDT] 00000057 ResourceMgrIm W   WSVR0016W: Classpath entry, ${CLOUDSCAPE_JDBC_DRIVER_PATH}/db2j.jar, in Resource, Cloudscape JDBC Provider (XA), located at C:\WAS855ND\profiles\AppSrv01\config\cells/DESKTOP-BBBKTCUNode01Cell/applications/ItsohelloEAR.ear/deployments/ItsohelloEAR/resources.xml has an invalid variable
[4/14/23 17:50:48:428 EDT] 00000057 ResourceMgrIm W   WSVR0016W: Classpath entry, ${MQJMS_LIB_ROOT}, in Resource, WebSphere MQ JMS Provider, located at C:\WAS855ND\profiles\AppSrv01\config\cells/DESKTOP-BBBKTCUNode01Cell/applications/ItsohelloEAR.ear/deployments/ItsohelloEAR/resources.xml has an invalid variable
[4/14/23 17:50:48:428 EDT] 00000057 ResourceMgrIm W   WSVR0021W: Native path entry, ${MQJMS_LIB_ROOT}, in Resource, WebSphere MQ JMS Provider, located at C:\WAS855ND\profiles\AppSrv01\config\cells/DESKTOP-BBBKTCUNode01Cell/applications/ItsohelloEAR.ear/deployments/ItsohelloEAR/resources.xml has an invalid variable
[4/14/23 17:50:48:450 EDT] 00000057 FfdcProvider  W com.ibm.ws.ffdc.impl.FfdcProvider logIncident FFDC1003I: FFDC Incident emitted on C:\WAS855ND\profiles\AppSrv01\logs\ffdc\server1_b7ce229a_23.04.14_17.50.48.4353605024108928377419.txt com.ibm.ws.runtime.component.binder.DataSourceBinder.stringListToPath 485
[4/14/23 17:50:48:450 EDT] 00000057 ResourceMgrIm I   WSVR0049I: Binding DefaultEJBTimerDataSource as jdbc/DefaultEJBTimerDataSource
[4/14/23 17:50:48:450 EDT] 00000057 ServiceRegist W   CWSAA0037W: Duplicate JNDI name jdbc/DefaultEJBTimerDataSource.
[4/14/23 17:50:48:481 EDT] 00000057 SharedEJBRunt I   WSVR0037I: Starting EJB jar: ItsohelloEJB.jar
[4/14/23 17:50:48:513 EDT] 00000057 WASNameSpaceB I   CNTR0167I: The server is binding the com.ibm.itsohello.bean.HelloHome interface of the Hello enterprise bean in the ItsohelloEJB.jar module of the ItsohelloEAR application.  The binding location is: ejb/itsohello/hello
[4/14/23 17:50:48:513 EDT] 00000057 AbstractEJBRu I   CNTR0167I: The server is binding the com.ibm.itsohello.bean.HelloHome interface of the Hello enterprise bean in the ItsohelloEJB.jar module of the ItsohelloEAR application.  The binding location is: java:global/ItsohelloEAR/ItsohelloEJB/Hello!com.ibm.itsohello.bean.HelloHome
[4/14/23 17:50:48:513 EDT] 00000057 WASNameSpaceB I   CNTR0167I: The server is binding the com.ibm.itsohello.bean.SecuredHelloHome interface of the SecuredHello enterprise bean in the ItsohelloEJB.jar module of the ItsohelloEAR application.  The binding location is: ejb/itsohello/securedhello
[4/14/23 17:50:48:513 EDT] 00000057 AbstractEJBRu I   CNTR0167I: The server is binding the com.ibm.itsohello.bean.SecuredHelloHome interface of the SecuredHello enterprise bean in the ItsohelloEJB.jar module of the ItsohelloEAR application.  The binding location is: java:global/ItsohelloEAR/ItsohelloEJB/SecuredHello!com.ibm.itsohello.bean.SecuredHelloHome
[4/14/23 17:50:48:560 EDT] 00000057 SharedEJBRunt I   WSVR0057I: EJB jar started: ItsohelloEJB.jar
[4/14/23 17:50:48:576 EDT] 00000057 webapp        I com.ibm.ws.webcontainer.webapp.WebGroupImpl WebGroup SRVE0169I: Loading Web Module: ItsohelloWAR.
[4/14/23 17:50:48:607 EDT] 00000057 WASSessionCor I SessionContextRegistry getSessionContext SESN0176I: Will create a new session context for application key default_hostitsohello
[4/14/23 17:50:48:639 EDT] 00000057 webcontainer  I com.ibm.ws.webcontainer.VirtualHostImpl addWebApplication SRVE0250I: Web Module ItsohelloWAR has been bound to default_host[*:9081,*:80,*:9444,*:5060,*:5061,*:443].
[4/14/23 17:50:48:654 EDT] 00000057 ApplicationMg A   WSVR0221I: Application started: ItsohelloEAR
[4/14/23 17:50:48:654 EDT] 00000057 CompositionUn A   WSVR0191I: Composition unit WebSphere:cuname=ItsohelloEAR in BLA WebSphere:blaname=ItsohelloEAR started.
[4/14/23 17:50:48:654 EDT] 00000001 TCPChannel    I   TCPC0001I: TCP Channel TCP_1 is listening on host *  (IPv6) port 9061.
[4/14/23 17:50:48:670 EDT] 00000001 WSChannelFram A   CHFW0019I: The Transport Channel Service has started chain WCInboundAdmin.
[4/14/23 17:50:48:670 EDT] 00000001 TCPChannel    I   TCPC0001I: TCP Channel TCP_2 is listening on host *  (IPv6) port 9081.
[4/14/23 17:50:48:670 EDT] 00000001 WSChannelFram A   CHFW0019I: The Transport Channel Service has started chain WCInboundDefault.
[4/14/23 17:50:48:670 EDT] 00000001 WSChannelFram A   CHFW0019I: The Transport Channel Service has started chain HttpQueueInboundDefault.
[4/14/23 17:50:48:670 EDT] 00000001 TCPChannel    I   TCPC0001I: TCP Channel TCP_4 is listening on host *  (IPv6) port 9444.
[4/14/23 17:50:48:670 EDT] 00000001 WSChannelFram A   CHFW0019I: The Transport Channel Service has started chain HttpQueueInboundDefaultSecure.
[4/14/23 17:50:48:685 EDT] 00000001 TCPChannel    I   TCPC0001I: TCP Channel TCP_3 is listening on host *  (IPv6) port 9045.
[4/14/23 17:50:48:685 EDT] 00000001 WSChannelFram A   CHFW0019I: The Transport Channel Service has started chain WCInboundAdminSecure.
[4/14/23 17:50:48:685 EDT] 00000001 WSChannelFram A   CHFW0019I: The Transport Channel Service has started chain WCInboundDefaultSecure.
[4/14/23 17:50:48:685 EDT] 00000001 WSChannelFram A   CHFW0019I: The Transport Channel Service has started chain SOAPAcceptorChain1.
[4/14/23 17:50:48:685 EDT] 00000001 WSChannelFram A   CHFW0019I: The Transport Channel Service has started chain SOAPAcceptorChain2.
[4/14/23 17:50:48:685 EDT] 00000001 WSChannelFram A   CHFW0019I: The Transport Channel Service has started chain SOAPAcceptorChain3.
[4/14/23 17:50:48:685 EDT] 00000001 WSChannelFram A   CHFW0019I: The Transport Channel Service has started chain SOAPAcceptorChain4.
[4/14/23 17:50:48:685 EDT] 00000001 WSChannelFram A   CHFW0019I: The Transport Channel Service has started chain SOAPAcceptorChain5.
[4/14/23 17:50:48:685 EDT] 00000001 WSChannelFram A   CHFW0019I: The Transport Channel Service has started chain SOAPAcceptorChain6.
[4/14/23 17:50:48:685 EDT] 00000001 webcontainer  I com.ibm.ws.webcontainer.WSWebContainer startChains SRVE0323I: The Asynchronous Request Dispatcher is not enabled. Requests sent through either the HttpQueueInboundDefault or the HttpQueueInboundDefaultSecure chain might not be properly handled.
[4/14/23 17:50:48:685 EDT] 00000059 SchedulerServ I   SCHD0077I: The Scheduler Service is starting the Schedulers.
[4/14/23 17:50:48:685 EDT] 00000059 SchedulerServ I   SCHD0078I: The Scheduler Service has completed starting the Schedulers.
[4/14/23 17:50:48:733 EDT] 00000001 GridConfigura I   CWLRB5873I: The GridConfiguratorMBean was activated successfully.
[4/14/23 17:50:48:733 EDT] 00000001 BatchSensorCo I   CWLRB5904I: BatchSensorComponent starting...
[4/14/23 17:50:48:795 EDT] 00000001 BatchSensorCo I   CWLRB5905I: Successfully activated GridEndpointSensorMBean.
[4/14/23 17:50:48:795 EDT] 00000001 RMIConnectorC A   ADMC0026I: The RMI Connector is available at port 2809
[4/14/23 17:50:48:811 EDT] 00000001 JMXConnectors I   ADMC0058I: The JMX JSR160RMI connector is available at port 2809
[4/14/23 17:50:48:874 EDT] 00000001 WsServerImpl  A   WSVR0001I: Server server1 open for e-business
[4/14/23 17:52:34:192 EDT] 0000007e SystemOut     O DEBUG: WAS is about to look for client alias to make SSL connection to port 636
[4/14/23 17:52:34:192 EDT] 0000007e SystemOut     O DEBUG: OutboundConnectionInfo on the thread=null
[4/14/23 17:52:34:537 EDT] 0000007e LdapRegistryI A   SECJ0419I: The user registry is currently connected to the LDAP server ldap://wasldap1.fyre.ibm.com:636.
[4/14/23 17:52:34:816 EDT] 0000007e ServerCache   I   DYNA1001I: WebSphere Dynamic Cache instance named ws/WSSecureMap initialized successfully.
[4/14/23 17:52:34:816 EDT] 0000007e ServerCache   I   DYNA1071I: The cache provider "default" is being used.
[4/14/23 17:52:35:004 EDT] 0000007e SystemOut     O DEBUG: WAS is about to look for client alias to make SSL connection to port 636
[4/14/23 17:52:35:004 EDT] 0000007e SystemOut     O DEBUG: OutboundConnectionInfo on the thread=null
[4/14/23 17:52:35:302 EDT] 0000007f FfdcProvider  W com.ibm.ws.ffdc.impl.FfdcProvider logIncident FFDC1003I: FFDC Incident emitted on C:\WAS855ND\profiles\AppSrv01\logs\ffdc\server1_4fd2e49d_23.04.14_17.52.35.3027418994073028890844.txt com.ibm.rmi.iiop.Connection.doReaderWorkOnce:3469 ORB FFDC
